Intermediate/Android/arm64/gradle/app/build/intermediates/manifest_merge_blame_file/debug/manifest-merger-blame-debug-report.txt
1<?xml version="1.0" encoding="utf-8"?>
2<manifest xmlns:android="http://schemas.android.com/apk/res/android"
3    package="com.companyname.gamename"
4    android:installLocation="internalOnly"
5    android:versionCode="1"
6    android:versionName="1.0" >
7
8    <uses-sdk
9        android:minSdkVersion="29"
9-->src\main\AndroidManifest.xml
10        android:targetSdkVersion="29" />
10-->src\main\AndroidManifest.xml
11    <!-- Requirements -->
12    <uses-feature
12-->src\main\AndroidManifest.xml:47:3-76
13        android:glEsVersion="0x00030001"
13-->src\main\AndroidManifest.xml:47:17-49
14        android:required="true" />
14-->src\main\AndroidManifest.xml:47:50-73
15
16    <uses-permission android:name="android.permission.INTERNET" />
16-->src\main\AndroidManifest.xml:48:3-65
16-->src\main\AndroidManifest.xml:48:20-62
17    <uses-permission android:name="android.permission.WRITE_EXTERNAL_STORAGE" />
17-->src\main\AndroidManifest.xml:49:3-79
17-->src\main\AndroidManifest.xml:49:20-76
18    <uses-permission android:name="android.permission.ACCESS_NETWORK_STATE" />
18-->src\main\AndroidManifest.xml:50:3-77
18-->src\main\AndroidManifest.xml:50:20-74
19    <uses-permission android:name="android.permission.WAKE_LOCK" />
19-->src\main\AndroidManifest.xml:51:3-66
19-->src\main\AndroidManifest.xml:51:20-63
20    <uses-permission android:name="com.android.vending.CHECK_LICENSE" />
20-->src\main\AndroidManifest.xml:52:3-71
20-->src\main\AndroidManifest.xml:52:20-68
21    <uses-permission android:name="android.permission.ACCESS_WIFI_STATE" />
21-->src\main\AndroidManifest.xml:53:3-74
21-->src\main\AndroidManifest.xml:53:20-71
22    <uses-permission android:name="com.android.vending.BILLING" />
22-->src\main\AndroidManifest.xml:54:3-65
22-->src\main\AndroidManifest.xml:54:20-62
23    <!-- Supported texture compression formats (cooked) -->
24    <supports-gl-texture android:name="GL_KHR_texture_compression_astc_ldr" />
24-->src\main\AndroidManifest.xml:56:3-77
24-->src\main\AndroidManifest.xml:56:24-74
25
26    <uses-feature
26-->src\main\AndroidManifest.xml:57:3-111
27        android:name="android.hardware.vr.headtracking"
27-->src\main\AndroidManifest.xml:57:17-64
28        android:required="true"
28-->src\main\AndroidManifest.xml:57:85-108
29        android:version="1" />
29-->src\main\AndroidManifest.xml:57:65-84
30
31    <uses-permission android:name="com.oculus.permission.HAND_TRACKING" />
31-->src\main\AndroidManifest.xml:58:3-73
31-->src\main\AndroidManifest.xml:58:20-70
32
33    <uses-feature
33-->src\main\AndroidManifest.xml:59:3-88
34        android:name="oculus.software.handtracking"
34-->src\main\AndroidManifest.xml:59:17-60
35        android:required="false" />
35-->src\main\AndroidManifest.xml:59:61-85
36
37    <uses-permission android:name="android.permission.READ_EXTERNAL_STORAGE" />
37-->src\main\AndroidManifest.xml:60:3-78
37-->src\main\AndroidManifest.xml:60:20-75
38
39    <uses-feature android:name="android.hardware.usb.host" />
39-->src\main\AndroidManifest.xml:61:3-60
39-->src\main\AndroidManifest.xml:61:17-57
40    <!-- Application Definition -->
41    <application
41-->src\main\AndroidManifest.xml:3:3-45:17
42        android:name="com.epicgames.ue4.GameApplication"
42-->src\main\AndroidManifest.xml:3:147-195
43        android:appComponentFactory="androidx.core.app.CoreComponentFactory"
43-->[androidx.core:core:1.0.0] AndroidManifest.xml:22:18-86
44        android:debuggable="true"
45        android:extractNativeLibs="true"
45-->src\main\AndroidManifest.xml:3:114-146
46        android:hardwareAccelerated="true"
46-->src\main\AndroidManifest.xml:3:79-113
47        android:hasCode="true"
47-->src\main\AndroidManifest.xml:3:240-262
48        android:icon="@drawable/icon"
48-->src\main\AndroidManifest.xml:3:49-78
49        android:label="@string/app_name"
49-->src\main\AndroidManifest.xml:3:16-48
50        android:requestLegacyExternalStorage="true" >
50-->src\main\AndroidManifest.xml:3:196-239
51        <activity
51-->src\main\AndroidManifest.xml:4:5-12:16
52            android:name="com.epicgames.ue4.GameActivity"
52-->src\main\AndroidManifest.xml:4:15-60
53            android:configChanges="mcc|mnc|uiMode|density|screenSize|smallestScreenSize|screenLayout|orientation|keyboardHidden|keyboard"
53-->src\main\AndroidManifest.xml:4:159-284
54            android:debuggable="true"
54-->src\main\AndroidManifest.xml:4:396-421
55            android:label="@string/app_name"
55-->src\main\AndroidManifest.xml:4:61-93
56            android:launchMode="singleTask"
56-->src\main\AndroidManifest.xml:4:320-351
57            android:resizeableActivity="false"
57-->src\main\AndroidManifest.xml:4:285-319
58            android:screenOrientation="sensorLandscape"
58-->src\main\AndroidManifest.xml:4:352-395
59            android:theme="@android:style/Theme.Black.NoTitleBar.Fullscreen" >
59-->src\main\AndroidManifest.xml:4:94-158
60            <meta-data
60-->src\main\AndroidManifest.xml:5:7-76
61                android:name="android.app.lib_name"
61-->src\main\AndroidManifest.xml:5:18-53
62                android:value="UE4" />
62-->src\main\AndroidManifest.xml:5:54-73
63
64            <intent-filter>
64-->src\main\AndroidManifest.xml:6:7-10:23
65                <action android:name="android.intent.action.MAIN" />
65-->src\main\AndroidManifest.xml:7:9-61
65-->src\main\AndroidManifest.xml:7:17-58
66
67                <category android:name="android.intent.category.LAUNCHER" />
67-->src\main\AndroidManifest.xml:8:9-69
67-->src\main\AndroidManifest.xml:8:19-66
68                <category android:name="com.oculus.intent.category.VR" />
68-->src\main\AndroidManifest.xml:9:9-66
68-->src\main\AndroidManifest.xml:9:19-63
69            </intent-filter>
70
71            <meta-data
71-->src\main\AndroidManifest.xml:11:7-81
72                android:name="com.oculus.vr.focusaware"
72-->src\main\AndroidManifest.xml:11:18-57
73                android:value="true" />
73-->src\main\AndroidManifest.xml:11:58-78
74        </activity>
75        <activity android:name="com.companyname.gamename.DownloaderActivity" />
75-->src\main\AndroidManifest.xml:13:5-52
75-->src\main\AndroidManifest.xml:13:15-49
76
77        <meta-data
77-->src\main\AndroidManifest.xml:14:5-101
78            android:name="com.epicgames.ue4.GameActivity.EngineVersion"
78-->src\main\AndroidManifest.xml:14:16-75
79            android:value="4.27.2" />
79-->src\main\AndroidManifest.xml:14:76-98
80        <meta-data
80-->src\main\AndroidManifest.xml:15:5-112
81            android:name="com.epicgames.ue4.GameActivity.EngineBranch"
81-->src\main\AndroidManifest.xml:15:16-74
82            android:value="++UE4+Release-4.27" />
82-->src\main\AndroidManifest.xml:15:75-109
83        <meta-data
83-->src\main\AndroidManifest.xml:16:5-103
84            android:name="com.epicgames.ue4.GameActivity.ProjectVersion"
84-->src\main\AndroidManifest.xml:16:16-76
85            android:value="1.0.0.0" />
85-->src\main\AndroidManifest.xml:16:77-100
86        <meta-data
86-->src\main\AndroidManifest.xml:17:5-104
87            android:name="com.epicgames.ue4.GameActivity.DepthBufferPreference"
87-->src\main\AndroidManifest.xml:17:16-83
88            android:value="0" />
88-->src\main\AndroidManifest.xml:17:84-101
89        <meta-data
89-->src\main\AndroidManifest.xml:18:5-107
90            android:name="com.epicgames.ue4.GameActivity.bPackageDataInsideApk"
90-->src\main\AndroidManifest.xml:18:16-83
91            android:value="true" />
91-->src\main\AndroidManifest.xml:18:84-104
92        <meta-data
92-->src\main\AndroidManifest.xml:19:5-106
93            android:name="com.epicgames.ue4.GameActivity.bVerifyOBBOnStartUp"
93-->src\main\AndroidManifest.xml:19:16-81
94            android:value="false" />
94-->src\main\AndroidManifest.xml:19:82-103
95        <meta-data
95-->src\main\AndroidManifest.xml:20:5-99
96            android:name="com.epicgames.ue4.GameActivity.bShouldHideUI"
96-->src\main\AndroidManifest.xml:20:16-75
97            android:value="true" />
97-->src\main\AndroidManifest.xml:20:76-96
98        <meta-data
98-->src\main\AndroidManifest.xml:21:5-104
99            android:name="com.epicgames.ue4.GameActivity.ProjectName"
99-->src\main\AndroidManifest.xml:21:16-73
100            android:value="ThePact_DMX" />
100-->src\main\AndroidManifest.xml:21:74-101
101        <meta-data
101-->src\main\AndroidManifest.xml:22:5-89
102            android:name="com.epicgames.ue4.GameActivity.AppType"
102-->src\main\AndroidManifest.xml:22:16-69
103            android:value="" />
103-->src\main\AndroidManifest.xml:22:70-86
104        <meta-data
104-->src\main\AndroidManifest.xml:23:5-98
105            android:name="com.epicgames.ue4.GameActivity.bHasOBBFiles"
105-->src\main\AndroidManifest.xml:23:16-74
106            android:value="true" />
106-->src\main\AndroidManifest.xml:23:75-95
107        <meta-data
107-->src\main\AndroidManifest.xml:24:5-108
108            android:name="com.epicgames.ue4.GameActivity.BuildConfiguration"
108-->src\main\AndroidManifest.xml:24:16-80
109            android:value="Shipping" />
109-->src\main\AndroidManifest.xml:24:81-105
110        <meta-data
110-->src\main\AndroidManifest.xml:25:5-99
111            android:name="com.epicgames.ue4.GameActivity.CookedFlavors"
111-->src\main\AndroidManifest.xml:25:16-75
112            android:value="ASTC" />
112-->src\main\AndroidManifest.xml:25:76-96
113        <meta-data
113-->src\main\AndroidManifest.xml:26:5-109
114            android:name="com.epicgames.ue4.GameActivity.bValidateTextureFormats"
114-->src\main\AndroidManifest.xml:26:16-85
115            android:value="true" />
115-->src\main\AndroidManifest.xml:26:86-106
116        <meta-data
116-->src\main\AndroidManifest.xml:27:5-107
117            android:name="com.epicgames.ue4.GameActivity.bUseExternalFilesDir"
117-->src\main\AndroidManifest.xml:27:16-82
118            android:value="false" />
118-->src\main\AndroidManifest.xml:27:83-104
119        <meta-data
119-->src\main\AndroidManifest.xml:28:5-102
120            android:name="com.epicgames.ue4.GameActivity.bPublicLogFiles"
120-->src\main\AndroidManifest.xml:28:16-77
121            android:value="false" />
121-->src\main\AndroidManifest.xml:28:78-99
122        <meta-data
122-->src\main\AndroidManifest.xml:29:5-104
123            android:name="com.epicgames.ue4.GameActivity.bUseDisplayCutout"
123-->src\main\AndroidManifest.xml:29:16-79
124            android:value="false" />
124-->src\main\AndroidManifest.xml:29:80-101
125        <meta-data
125-->src\main\AndroidManifest.xml:30:5-95
126            android:name="com.epicgames.ue4.GameActivity.bAllowIMU"
126-->src\main\AndroidManifest.xml:30:16-71
127            android:value="true" />
127-->src\main\AndroidManifest.xml:30:72-92
128        <meta-data
128-->src\main\AndroidManifest.xml:31:5-101
129            android:name="com.epicgames.ue4.GameActivity.bSupportsVulkan"
129-->src\main\AndroidManifest.xml:31:16-77
130            android:value="true" />
130-->src\main\AndroidManifest.xml:31:78-98
131        <meta-data
131-->src\main\AndroidManifest.xml:32:5-141
132            android:name="com.epicgames.ue4.GameActivity.StartupPermissions"
132-->src\main\AndroidManifest.xml:32:16-80
133            android:value="android.permission.WRITE_EXTERNAL_STORAGE" />
133-->src\main\AndroidManifest.xml:32:81-138
134        <meta-data
134-->src\main\AndroidManifest.xml:33:5-100
135            android:name="com.google.android.gms.games.APP_ID"
135-->src\main\AndroidManifest.xml:33:16-66
136            android:value="@string/app_id" />
136-->src\main\AndroidManifest.xml:33:67-97
137        <meta-data
137-->src\main\AndroidManifest.xml:34:5-118
138            android:name="com.google.android.gms.version"
138-->src\main\AndroidManifest.xml:34:16-61
139            android:value="@integer/google_play_services_version" />
139-->src\main\AndroidManifest.xml:34:62-115
140
141        <service android:name="com.companyname.gamename.OBBDownloaderService" />
141-->src\main\AndroidManifest.xml:35:5-52
141-->src\main\AndroidManifest.xml:35:14-49
142
143        <receiver android:name="com.companyname.gamename.AlarmReceiver" />
143-->src\main\AndroidManifest.xml:36:5-46
143-->src\main\AndroidManifest.xml:36:15-43
144        <receiver android:name="com.epicgames.ue4.LocalNotificationReceiver" />
144-->src\main\AndroidManifest.xml:37:5-76
144-->src\main\AndroidManifest.xml:37:15-73
145        <receiver
145-->src\main\AndroidManifest.xml:38:5-42:16
146            android:name="com.epicgames.ue4.MulticastBroadcastReceiver"
146-->src\main\AndroidManifest.xml:38:15-74
147            android:exported="true" >
147-->src\main\AndroidManifest.xml:38:75-98
148            <intent-filter>
148-->src\main\AndroidManifest.xml:39:7-41:23
149                <action android:name="com.android.vending.INSTALL_REFERRER" />
149-->src\main\AndroidManifest.xml:40:9-71
149-->src\main\AndroidManifest.xml:40:17-68
150            </intent-filter>
151        </receiver>
152
153        <meta-data
153-->src\main\AndroidManifest.xml:43:5-79
154            android:name="android.max_aspect"
154-->src\main\AndroidManifest.xml:43:16-49
155            android:value="2100000.00" />
155-->src\main\AndroidManifest.xml:43:50-76
156        <meta-data
156-->src\main\AndroidManifest.xml:44:5-90
157            android:name="com.oculus.supportedDevices"
157-->src\main\AndroidManifest.xml:44:16-58
158            android:value="quest|delmar" />
158-->src\main\AndroidManifest.xml:44:59-87
159
160        <activity
160-->[com.google.android.gms:play-services-auth:11.8.0] AndroidManifest.xml:23:9-27:75
161            android:name="com.google.android.gms.auth.api.signin.internal.SignInHubActivity"
161-->[com.google.android.gms:play-services-auth:11.8.0] AndroidManifest.xml:24:13-93
162            android:excludeFromRecents="true"
162-->[com.google.android.gms:play-services-auth:11.8.0] AndroidManifest.xml:25:13-46
163            android:exported="false"
163-->[com.google.android.gms:play-services-auth:11.8.0] AndroidManifest.xml:26:13-37
164            android:theme="@android:style/Theme.Translucent.NoTitleBar" />
164-->[com.google.android.gms:play-services-auth:11.8.0] AndroidManifest.xml:27:13-72
165        <!--
166            Service handling Google Sign-In user revocation. For apps that do not integrate with
167            Google Sign-In, this service will never be started.
168        -->
169        <service
169-->[com.google.android.gms:play-services-auth:11.8.0] AndroidManifest.xml:33:9-36:110
170            android:name="com.google.android.gms.auth.api.signin.RevocationBoundService"
170-->[com.google.android.gms:play-services-auth:11.8.0] AndroidManifest.xml:34:13-89
171            android:exported="true"
171-->[com.google.android.gms:play-services-auth:11.8.0] AndroidManifest.xml:35:13-36
172            android:permission="com.google.android.gms.auth.api.signin.permission.REVOCATION_NOTIFICATION" />
172-->[com.google.android.gms:play-services-auth:11.8.0] AndroidManifest.xml:36:13-107
173
174        <meta-data
174-->[com.android.billingclient:billing:3.0.0] AndroidManifest.xml:13:9-15:37
175            android:name="com.google.android.play.billingclient.version"
175-->[com.android.billingclient:billing:3.0.0] AndroidManifest.xml:14:13-73
176            android:value="3.0.0" />
176-->[com.android.billingclient:billing:3.0.0] AndroidManifest.xml:15:13-34
177
178        <activity
178-->[com.android.billingclient:billing:3.0.0] AndroidManifest.xml:17:9-20:75
179            android:name="com.android.billingclient.api.ProxyBillingActivity"
179-->[com.android.billingclient:billing:3.0.0] AndroidManifest.xml:18:13-78
180            android:configChanges="keyboard|keyboardHidden|screenLayout|screenSize|orientation"
180-->[com.android.billingclient:billing:3.0.0] AndroidManifest.xml:19:13-96
181            android:theme="@android:style/Theme.Translucent.NoTitleBar" />
181-->[com.android.billingclient:billing:3.0.0] AndroidManifest.xml:20:13-72
182        <activity
182-->[com.google.android.gms:play-services-base:11.8.0] AndroidManifest.xml:23:9-26:75
183            android:name="com.google.android.gms.common.api.GoogleApiActivity"
183-->[com.google.android.gms:play-services-base:11.8.0] AndroidManifest.xml:24:13-79
184            android:exported="false"
184-->[com.google.android.gms:play-services-base:11.8.0] AndroidManifest.xml:25:13-37
185            android:theme="@android:style/Theme.Translucent.NoTitleBar" />
185-->[com.google.android.gms:play-services-base:11.8.0] AndroidManifest.xml:26:13-72
186
187        <provider
187-->[androidx.lifecycle:lifecycle-process:2.0.0] AndroidManifest.xml:23:9-27:43
188            android:name="androidx.lifecycle.ProcessLifecycleOwnerInitializer"
188-->[androidx.lifecycle:lifecycle-process:2.0.0] AndroidManifest.xml:24:13-79
189            android:authorities="com.companyname.gamename.lifecycle-process"
189-->[androidx.lifecycle:lifecycle-process:2.0.0] AndroidManifest.xml:25:13-69
190            android:exported="false"
190-->[androidx.lifecycle:lifecycle-process:2.0.0] AndroidManifest.xml:26:13-37
191            android:multiprocess="true" />
191-->[androidx.lifecycle:lifecycle-process:2.0.0] AndroidManifest.xml:27:13-40
192    </application>
193
194</manifest>